Bringing machine 'ElexisLaborDemo' up with 'virtualbox' provider...
==> ElexisLaborDemo: Importing base box 'ubuntu/precise64'...
[KProgress: 30%[KProgress: 90%[K==> ElexisLaborDemo: Matching MAC address for NAT networking...
==> ElexisLaborDemo: Checking if box 'ubuntu/precise64' is up to date...
==> ElexisLaborDemo: Setting the name of the VM: salt-elexis_ElexisLaborDemo_1464263861917_35652
==> ElexisLaborDemo: Clearing any previously set forwarded ports...
==> ElexisLaborDemo: Fixed port collision for 22 => 2222. Now on port 2200.
==> ElexisLaborDemo: Clearing any previously set network interfaces...
==> ElexisLaborDemo: Preparing network interfaces based on configuration...
    ElexisLaborDemo: Adapter 1: nat
    ElexisLaborDemo: Adapter 2: hostonly
    ElexisLaborDemo: Adapter 3: bridged
==> ElexisLaborDemo: Forwarding ports...
    ElexisLaborDemo: 22 (guest) => 2200 (host) (adapter 1)
==> ElexisLaborDemo: Running 'pre-boot' VM customizations...
==> ElexisLaborDemo: Booting VM...
==> ElexisLaborDemo: Waiting for machine to boot. This may take a few minutes...
    ElexisLaborDemo: SSH address: 127.0.0.1:2200
    ElexisLaborDemo: SSH username: vagrant
    ElexisLaborDemo: SSH auth method: private key
    ElexisLaborDemo: Warning: Connection timeout. Retrying...
    ElexisLaborDemo: 
    ElexisLaborDemo: Vagrant insecure key detected. Vagrant will automatically replace
    ElexisLaborDemo: this with a newly generated keypair for better security.
    ElexisLaborDemo: 
    ElexisLaborDemo: Inserting generated public key within guest...
    ElexisLaborDemo: Removing insecure key from the guest if it's present...
    ElexisLaborDemo: Key inserted! Disconnecting and reconnecting using new SSH key...
==> ElexisLaborDemo: Machine booted and ready!
GuestAdditions versions on your host (4.3.36) and guest (4.1.44) do not match.
stdin: is not a tty
 * Stopping VirtualBox Additions
   ...done.
ERROR: Module vboxsf does not exist in /proc/modules
stdin: is not a tty
Reading package lists...
Building dependency tree...
Reading state information...
The following packages were automatically installed and are no longer required:
  libxfixes3 libxcomposite1 xfonts-encodings x11-xkb-utils xserver-xorg-core
  xserver-common libgl1-mesa-dri xfonts-utils libxfont1 xfonts-base dkms
  libfontenc1 libxdamage1 libxrandr2 libxkbfile1 libllvm3.0
Use 'apt-get autoremove' to remove them.
The following packages will be REMOVED:
  virtualbox-guest-dkms* virtualbox-guest-utils* virtualbox-guest-x11*
0 upgraded, 0 newly installed, 3 to remove and 0 not upgraded.
After this operation, 10.7 MB disk space will be freed.
(Reading database ... 66240 files and directories currently installed.)
Removing virtualbox-guest-dkms ...

-------- Uninstall Beginning --------
Module:  virtualbox-guest
Version: 4.1.44
Kernel:  3.2.0-102-generic (x86_64)
-------------------------------------

Status: Before uninstall, this module version was ACTIVE on this kernel.

vboxguest.ko:
 - Uninstallation
   - Deleting from: /lib/modules/3.2.0-102-generic/updates/dkms/
 - Original module
   - No original module was found for this module on this kernel.
   - Use the dkms install command to reinstall any previous module version.


vboxsf.ko:
 - Uninstallation
   - Deleting from: /lib/modules/3.2.0-102-generic/updates/dkms/
 - Original module
   - No original module was found for this module on this kernel.
   - Use the dkms install command to reinstall any previous module version.


vboxvideo.ko:
 - Uninstallation
   - Deleting from: /lib/modules/3.2.0-102-generic/updates/dkms/
 - Original module
   - No original module was found for this module on this kernel.
   - Use the dkms install command to reinstall any previous module version.

depmod....

DKMS: uninstall completed.

-------- Uninstall Beginning --------
Module:  virtualbox-guest
Version: 4.1.44
Kernel:  3.2.0-102-virtual (x86_64)
-------------------------------------

Status: Before uninstall, this module version was ACTIVE on this kernel.

vboxguest.ko:
 - Uninstallation
   - Deleting from: /lib/modules/3.2.0-102-virtual/updates/dkms/
 - Original module
   - No original module was found for this module on this kernel.
   - Use the dkms install command to reinstall any previous module version.


vboxsf.ko:
 - Uninstallation
   - Deleting from: /lib/modules/3.2.0-102-virtual/updates/dkms/
 - Original module
   - No original module was found for this module on this kernel.
   - Use the dkms install command to reinstall any previous module version.


vboxvideo.ko:
 - Uninstallation
   - Deleting from: /lib/modules/3.2.0-102-virtual/updates/dkms/
 - Original module
   - No original module was found for this module on this kernel.
   - Use the dkms install command to reinstall any previous module version.

depmod....

DKMS: uninstall completed.

------------------------------
Deleting module version: 4.1.44
completely from the DKMS tree.
------------------------------
Done.
Removing virtualbox-guest-x11 ...
Purging configuration files for virtualbox-guest-x11 ...
Removing virtualbox-guest-utils ...
Purging configuration files for virtualbox-guest-utils ...
Processing triggers for man-db ...
Processing triggers for ureadahead ...
stdin: is not a tty
Reading package lists...
Building dependency tree...
Reading state information...
dkms is already the newest version.
dkms set to manually installed.
linux-headers-3.2.0-102-virtual is already the newest version.
linux-headers-3.2.0-102-virtual set to manually installed.
The following packages were automatically installed and are no longer required:
  libxfixes3 libxcomposite1 xfonts-encodings x11-xkb-utils xserver-xorg-core
  xserver-common libgl1-mesa-dri xfonts-utils libxfont1 xfonts-base
  libfontenc1 libxdamage1 libxrandr2 libxkbfile1 libllvm3.0
Use 'apt-get autoremove' to remove them.
0 upgraded, 0 newly installed, 0 to remove and 0 not upgraded.
Copy iso file /usr/share/virtualbox/VBoxGuestAdditions.iso into the box /tmp/VBoxGuestAdditions.iso
stdin: is not a tty
mount: block device /tmp/VBoxGuestAdditions.iso is write-protected, mounting read-only
Installing Virtualbox Guest Additions 4.3.18 - guest version is 4.1.44
stdin: is not a tty
Verifying archive integrity... All good.
Uncompressing VirtualBox 4.3.18 Guest Additions for Linux............
VirtualBox Guest Additions installer
Copying additional installer modules ...
Installing additional modules ...
Removing existing VirtualBox DKMS kernel modules ...done.
Removing existing VirtualBox non-DKMS kernel modules ...done.
Building the VirtualBox Guest Additions kernel modules ...done.
Doing non-kernel setup of the Guest Additions ...done.
Starting the VirtualBox Guest Additions ...done.
Installing the Window System drivers
Could not find the X.Org or XFree86 Window System, skipping.
An error occurred during installation of VirtualBox Guest Additions 4.3.18. Some functionality may not work as intended.
In most cases it is OK that the "Window System drivers" installation failed.
stdin: is not a tty
==> ElexisLaborDemo: Checking for guest additions in VM...
==> ElexisLaborDemo: Setting hostname...
==> ElexisLaborDemo: Configuring and enabling network interfaces...
==> ElexisLaborDemo: Mounting shared folders...
    ElexisLaborDemo: /vagrant => /opt/src/salt-elexis
==> ElexisLaborDemo: Running provisioner: shell...
    ElexisLaborDemo: Running: /tmp/vagrant-shell20160526-16642-97h8pv.sh
==> ElexisLaborDemo: stdin: is not a tty
==> ElexisLaborDemo: gpg: keyring `/tmp/tmpbeUaJv/secring.gpg' created
==> ElexisLaborDemo: gpg: keyring `/tmp/tmpbeUaJv/pubring.gpg' created
==> ElexisLaborDemo: gpg: 
==> ElexisLaborDemo: requesting key 0E27C0A6 from hkp server keyserver.ubuntu.com
==> ElexisLaborDemo: gpg: /tmp/tmpbeUaJv/trustdb.gpg: trustdb created
==> ElexisLaborDemo: gpg: 
==> ElexisLaborDemo: key 0E27C0A6: public key "Launchpad PPA for Salt Stack" imported
==> ElexisLaborDemo: gpg: Total number processed: 1
==> ElexisLaborDemo: gpg: 
==> ElexisLaborDemo:               imported: 1  (RSA: 1)
==> ElexisLaborDemo: OK
==> ElexisLaborDemo: You are about to add the following PPA to your system:
==> ElexisLaborDemo:  Salt, the remote execution and configuration management tool.
==> ElexisLaborDemo:  More info: https://launchpad.net/~saltstack/+archive/ubuntu/salt
==> ElexisLaborDemo: No packages found matching salt-minion.
==> ElexisLaborDemo: salt-minion not yet installed
==> ElexisLaborDemo: Hit http://archive.ubuntu.com precise Release.gpg
==> ElexisLaborDemo: Get:1 http://security.ubuntu.com precise-security Release.gpg [198 B]
==> ElexisLaborDemo: Get:2 http://ppa.launchpad.net precise Release.gpg [316 B]
==> ElexisLaborDemo: Get:3 http://archive.ubuntu.com precise-updates Release.gpg [198 B]
==> ElexisLaborDemo: Get:4 http://security.ubuntu.com precise-security Release [55.5 kB]
==> ElexisLaborDemo: Hit http://archive.ubuntu.com precise-backports Release.gpg
==> ElexisLaborDemo: Get:5 http://ppa.launchpad.net precise Release [12.9 kB]
==> ElexisLaborDemo: Hit http://archive.ubuntu.com precise Release
==> ElexisLaborDemo: Get:6 http://archive.ubuntu.com precise-updates Release [55.4 kB]
==> ElexisLaborDemo: Get:7 http://ppa.launchpad.net precise/main Sources [6,197 B]
==> ElexisLaborDemo: Get:8 http://security.ubuntu.com precise-security/main Sources [142 kB]
==> ElexisLaborDemo: Get:9 http://ppa.launchpad.net precise/main amd64 Packages [5,502 B]
==> ElexisLaborDemo: Get:10 http://ppa.launchpad.net precise/main i386 Packages [5,500 B]
==> ElexisLaborDemo: Hit http://archive.ubuntu.com precise-backports Release
==> ElexisLaborDemo: Get:11 http://security.ubuntu.com precise-security/universe Sources [48.5 kB]
==> ElexisLaborDemo: Get:12 http://ppa.launchpad.net precise/main TranslationIndex [202 B]
==> ElexisLaborDemo: Get:13 http://archive.ubuntu.com precise/main Sources [934 kB]
==> ElexisLaborDemo: Get:14 http://security.ubuntu.com precise-security/main amd64 Packages [606 kB]
==> ElexisLaborDemo: Get:15 http://ppa.launchpad.net precise/main Translation-en [4,781 B]
==> ElexisLaborDemo: Get:16 http://security.ubuntu.com precise-security/universe amd64 Packages [132 kB]
==> ElexisLaborDemo: Get:17 http://security.ubuntu.com precise-security/main i386 Packages [663 kB]
==> ElexisLaborDemo: Get:18 http://archive.ubuntu.com precise/restricted Sources [5,470 B]
==> ElexisLaborDemo: Get:19 http://archive.ubuntu.com precise/universe Sources [5,019 kB]
==> ElexisLaborDemo: Get:20 http://security.ubuntu.com precise-security/universe i386 Packages [140 kB]
==> ElexisLaborDemo: Get:21 http://security.ubuntu.com precise-security/main TranslationIndex [208 B]
==> ElexisLaborDemo: Get:22 http://security.ubuntu.com precise-security/universe TranslationIndex [205 B]
==> ElexisLaborDemo: Get:23 http://security.ubuntu.com precise-security/main Translation-en [253 kB]
==> ElexisLaborDemo: Get:24 http://security.ubuntu.com precise-security/universe Translation-en [84.5 kB]
==> ElexisLaborDemo: Get:25 http://archive.ubuntu.com precise/multiverse Sources [155 kB]
==> ElexisLaborDemo: Hit http://archive.ubuntu.com precise/main amd64 Packages
==> ElexisLaborDemo: Hit http://archive.ubuntu.com precise/restricted amd64 Packages
==> ElexisLaborDemo: Hit http://archive.ubuntu.com precise/universe amd64 Packages
==> ElexisLaborDemo: Hit http://archive.ubuntu.com precise/multiverse amd64 Packages
==> ElexisLaborDemo: Hit http://archive.ubuntu.com precise/main i386 Packages
==> ElexisLaborDemo: Hit http://archive.ubuntu.com precise/restricted i386 Packages
==> ElexisLaborDemo: Hit http://archive.ubuntu.com precise/universe i386 Packages
==> ElexisLaborDemo: Hit http://archive.ubuntu.com precise/multiverse i386 Packages
==> ElexisLaborDemo: Hit http://archive.ubuntu.com precise/main TranslationIndex
==> ElexisLaborDemo: Hit http://archive.ubuntu.com precise/multiverse TranslationIndex
==> ElexisLaborDemo: Hit http://archive.ubuntu.com precise/restricted TranslationIndex
==> ElexisLaborDemo: Hit http://archive.ubuntu.com precise/universe TranslationIndex
==> ElexisLaborDemo: Get:26 http://archive.ubuntu.com precise-updates/main Sources [496 kB]
==> ElexisLaborDemo: Get:27 http://archive.ubuntu.com precise-updates/restricted Sources [8,708 B]
==> ElexisLaborDemo: Get:28 http://archive.ubuntu.com precise-updates/universe Sources [127 kB]
==> ElexisLaborDemo: Get:29 http://archive.ubuntu.com precise-updates/multiverse Sources [10.2 kB]
==> ElexisLaborDemo: Get:30 http://archive.ubuntu.com precise-updates/main amd64 Packages [988 kB]
==> ElexisLaborDemo: Get:31 http://archive.ubuntu.com precise-updates/restricted amd64 Packages [16.2 kB]
==> ElexisLaborDemo: Get:32 http://archive.ubuntu.com precise-updates/universe amd64 Packages [276 kB]
==> ElexisLaborDemo: Get:33 http://archive.ubuntu.com precise-updates/multiverse amd64 Packages [16.9 kB]
==> ElexisLaborDemo: Get:34 http://archive.ubuntu.com precise-updates/main i386 Packages [1,051 kB]
==> ElexisLaborDemo: Get:35 http://archive.ubuntu.com precise-updates/restricted i386 Packages [16.1 kB]
==> ElexisLaborDemo: Get:36 http://archive.ubuntu.com precise-updates/universe i386 Packages [285 kB]
==> ElexisLaborDemo: Get:37 http://archive.ubuntu.com precise-updates/multiverse i386 Packages [17.1 kB]
==> ElexisLaborDemo: Get:38 http://archive.ubuntu.com precise-updates/main TranslationIndex [208 B]
==> ElexisLaborDemo: Get:39 http://archive.ubuntu.com precise-updates/multiverse TranslationIndex [202 B]
==> ElexisLaborDemo: Get:40 http://archive.ubuntu.com precise-updates/restricted TranslationIndex [202 B]
==> ElexisLaborDemo: Get:41 http://archive.ubuntu.com precise-updates/universe TranslationIndex [205 B]
==> ElexisLaborDemo: Get:42 http://archive.ubuntu.com precise-backports/main Sources [5,922 B]
==> ElexisLaborDemo: Get:43 http://archive.ubuntu.com precise-backports/restricted Sources [28 B]
==> ElexisLaborDemo: Get:44 http://archive.ubuntu.com precise-backports/universe Sources [44.2 kB]
==> ElexisLaborDemo: Get:45 http://archive.ubuntu.com precise-backports/multiverse Sources [5,750 B]
==> ElexisLaborDemo: Hit http://archive.ubuntu.com precise-backports/main amd64 Packages
==> ElexisLaborDemo: Hit http://archive.ubuntu.com precise-backports/restricted amd64 Packages
==> ElexisLaborDemo: Hit http://archive.ubuntu.com precise-backports/universe amd64 Packages
==> ElexisLaborDemo: Hit http://archive.ubuntu.com precise-backports/multiverse amd64 Packages
==> ElexisLaborDemo: Hit http://archive.ubuntu.com precise-backports/main i386 Packages
==> ElexisLaborDemo: Hit http://archive.ubuntu.com precise-backports/restricted i386 Packages
==> ElexisLaborDemo: Hit http://archive.ubuntu.com precise-backports/universe i386 Packages
==> ElexisLaborDemo: Hit http://archive.ubuntu.com precise-backports/multiverse i386 Packages
==> ElexisLaborDemo: Hit http://archive.ubuntu.com precise-backports/main TranslationIndex
==> ElexisLaborDemo: Hit http://archive.ubuntu.com precise-backports/multiverse TranslationIndex
==> ElexisLaborDemo: Hit http://archive.ubuntu.com precise-backports/restricted TranslationIndex
==> ElexisLaborDemo: Hit http://archive.ubuntu.com precise-backports/universe TranslationIndex
==> ElexisLaborDemo: Hit http://archive.ubuntu.com precise/main Translation-en
==> ElexisLaborDemo: Hit http://archive.ubuntu.com precise/multiverse Translation-en
==> ElexisLaborDemo: Hit http://archive.ubuntu.com precise/restricted Translation-en
==> ElexisLaborDemo: Hit http://archive.ubuntu.com precise/universe Translation-en
==> ElexisLaborDemo: Get:46 http://archive.ubuntu.com precise-updates/main Translation-en [415 kB]
==> ElexisLaborDemo: Get:47 http://archive.ubuntu.com precise-updates/multiverse Translation-en [9,806 B]
==> ElexisLaborDemo: Get:48 http://archive.ubuntu.com precise-updates/restricted Translation-en [3,869 B]
==> ElexisLaborDemo: Get:49 http://archive.ubuntu.com precise-updates/universe Translation-en [165 kB]
==> ElexisLaborDemo: Hit http://archive.ubuntu.com precise-backports/main Translation-en
==> ElexisLaborDemo: Hit http://archive.ubuntu.com precise-backports/multiverse Translation-en
==> ElexisLaborDemo: Hit http://archive.ubuntu.com precise-backports/restricted Translation-en
==> ElexisLaborDemo: Hit http://archive.ubuntu.com precise-backports/universe Translation-en
==> ElexisLaborDemo: Fetched 12.3 MB in 3s (3,259 kB/s)
==> ElexisLaborDemo: Reading package lists...
==> ElexisLaborDemo: Reading package lists...
==> ElexisLaborDemo: Building dependency tree...
==> ElexisLaborDemo: 
==> ElexisLaborDemo: Reading state information...
==> ElexisLaborDemo: The following packages were automatically installed and are no longer required:
==> ElexisLaborDemo:   libxfixes3 libxcomposite1 xfonts-encodings x11-xkb-utils xserver-xorg-core
==> ElexisLaborDemo:   xserver-common libgl1-mesa-dri xfonts-utils libxfont1 xfonts-base
==> ElexisLaborDemo:   libfontenc1 libxdamage1 libxrandr2 libxkbfile1 libllvm3.0
==> ElexisLaborDemo: Use 'apt-get autoremove' to remove them.
==> ElexisLaborDemo: The following extra packages will be installed:
==> ElexisLaborDemo:   dctrl-tools libpgm-5.1-0 libzmq3 msgpack-python python-jinja2
==> ElexisLaborDemo:   python-markupsafe python-requests python-six python-urllib3 python-zmq
==> ElexisLaborDemo: Suggested packages:
==> ElexisLaborDemo:   debtags python-jinja2-doc salt-doc python-mako python-augeas
==> ElexisLaborDemo: The following NEW packages will be installed:
==> ElexisLaborDemo:   dctrl-tools libpgm-5.1-0 libzmq3 msgpack-python python-jinja2
==> ElexisLaborDemo:   python-markupsafe python-requests python-six python-urllib3 python-zmq
==> ElexisLaborDemo:   salt-common salt-minion
==> ElexisLaborDemo: 0 upgraded, 12 newly installed, 0 to remove and 0 not upgraded.
==> ElexisLaborDemo: Need to get 4,023 kB of archives.
==> ElexisLaborDemo: After this operation, 15.1 MB of additional disk space will be used.
==> ElexisLaborDemo: Get:1 http://archive.ubuntu.com/ubuntu/ precise/universe libpgm-5.1-0 amd64 5.1.116~dfsg-2 [182 kB]
==> ElexisLaborDemo: Get:2 http://ppa.launchpad.net/saltstack/salt/ubuntu/ precise/main libzmq3 amd64 4.0.4+dfsg-2precise1 [165 kB]
==> ElexisLaborDemo: Get:3 http://archive.ubuntu.com/ubuntu/ precise/main dctrl-tools amd64 2.18ubuntu1 [83.5 kB]
==> ElexisLaborDemo: Get:4 http://archive.ubuntu.com/ubuntu/ precise/universe msgpack-python amd64 0.1.10-1 [29.0 kB]
==> ElexisLaborDemo: Get:5 http://archive.ubuntu.com/ubuntu/ precise/main python-markupsafe amd64 0.15-1 [13.6 kB]
==> ElexisLaborDemo: Get:6 http://archive.ubuntu.com/ubuntu/ precise-updates/main python-jinja2 amd64 2.6-1ubuntu0.1 [158 kB]
==> ElexisLaborDemo: Get:7 http://archive.ubuntu.com/ubuntu/ precise/universe python-six all 1.1.0-2 [6,062 B]
==> ElexisLaborDemo: Get:8 http://ppa.launchpad.net/saltstack/salt/ubuntu/ precise/main python-urllib3 all 1.7.1-2~precise+1 [48.8 kB]
==> ElexisLaborDemo: Get:9 http://ppa.launchpad.net/saltstack/salt/ubuntu/ precise/main python-requests all 2.0.0-1~precise+1 [55.0 kB]
==> ElexisLaborDemo: Get:10 http://ppa.launchpad.net/saltstack/salt/ubuntu/ precise/main python-zmq amd64 14.0.1-1build2~precise1 [261 kB]
==> ElexisLaborDemo: Get:11 http://ppa.launchpad.net/saltstack/salt/ubuntu/ precise/main salt-common all 2015.5.3+ds-1precise2 [2,990 kB]
==> ElexisLaborDemo: Get:12 http://ppa.launchpad.net/saltstack/salt/ubuntu/ precise/main salt-minion all 2015.5.3+ds-1precise2 [30.9 kB]
==> ElexisLaborDemo: dpkg-preconfigure: unable to re-open stdin: No such file or directory
==> ElexisLaborDemo: Fetched 4,023 kB in 1s (2,144 kB/s)
==> ElexisLaborDemo: Selecting previously unselected package libpgm-5.1-0.
==> ElexisLaborDemo: (Reading database ... 
==> ElexisLaborDemo: 65966 files and directories currently installed.)
==> ElexisLaborDemo: Unpacking libpgm-5.1-0 (from .../libpgm-5.1-0_5.1.116~dfsg-2_amd64.deb) ...
==> ElexisLaborDemo: Selecting previously unselected package libzmq3.
==> ElexisLaborDemo: Unpacking libzmq3 (from .../libzmq3_4.0.4+dfsg-2precise1_amd64.deb) ...
==> ElexisLaborDemo: Selecting previously unselected package dctrl-tools.
==> ElexisLaborDemo: Unpacking dctrl-tools (from .../dctrl-tools_2.18ubuntu1_amd64.deb) ...
==> ElexisLaborDemo: Selecting previously unselected package msgpack-python.
==> ElexisLaborDemo: Unpacking msgpack-python (from .../msgpack-python_0.1.10-1_amd64.deb) ...
==> ElexisLaborDemo: Selecting previously unselected package python-markupsafe.
==> ElexisLaborDemo: Unpacking python-markupsafe (from .../python-markupsafe_0.15-1_amd64.deb) ...
==> ElexisLaborDemo: Selecting previously unselected package python-jinja2.
==> ElexisLaborDemo: Unpacking python-jinja2 (from .../python-jinja2_2.6-1ubuntu0.1_amd64.deb) ...
==> ElexisLaborDemo: Selecting previously unselected package python-six.
==> ElexisLaborDemo: Unpacking python-six (from .../python-six_1.1.0-2_all.deb) ...
==> ElexisLaborDemo: Selecting previously unselected package python-urllib3.
==> ElexisLaborDemo: Unpacking python-urllib3 (from .../python-urllib3_1.7.1-2~precise+1_all.deb) ...
==> ElexisLaborDemo: Selecting previously unselected package python-requests.
==> ElexisLaborDemo: Unpacking python-requests (from .../python-requests_2.0.0-1~precise+1_all.deb) ...
==> ElexisLaborDemo: Selecting previously unselected package python-zmq.
==> ElexisLaborDemo: Unpacking python-zmq (from .../python-zmq_14.0.1-1build2~precise1_amd64.deb) ...
==> ElexisLaborDemo: Selecting previously unselected package salt-common.
==> ElexisLaborDemo: Unpacking salt-common (from .../salt-common_2015.5.3+ds-1precise2_all.deb) ...
==> ElexisLaborDemo: Selecting previously unselected package salt-minion.
==> ElexisLaborDemo: Unpacking salt-minion (from .../salt-minion_2015.5.3+ds-1precise2_all.deb) ...
==> ElexisLaborDemo: Processing triggers for man-db ...
==> ElexisLaborDemo: Processing triggers for ufw ...
==> ElexisLaborDemo: Processing triggers for ureadahead ...
==> ElexisLaborDemo: Setting up libpgm-5.1-0 (5.1.116~dfsg-2) ...
==> ElexisLaborDemo: Setting up libzmq3 (4.0.4+dfsg-2precise1) ...
==> ElexisLaborDemo: Setting up dctrl-tools (2.18ubuntu1) ...
==> ElexisLaborDemo: Setting up msgpack-python (0.1.10-1) ...
==> ElexisLaborDemo: Setting up python-markupsafe (0.15-1) ...
==> ElexisLaborDemo: Setting up python-jinja2 (2.6-1ubuntu0.1) ...
==> ElexisLaborDemo: Setting up python-six (1.1.0-2) ...
==> ElexisLaborDemo: Setting up python-urllib3 (1.7.1-2~precise+1) ...
==> ElexisLaborDemo: Setting up python-requests (2.0.0-1~precise+1) ...
==> ElexisLaborDemo: Setting up python-zmq (14.0.1-1build2~precise1) ...
==> ElexisLaborDemo: Setting up salt-common (2015.5.3+ds-1precise2) ...
==> ElexisLaborDemo: Setting up salt-minion (2015.5.3+ds-1precise2) ...
==> ElexisLaborDemo: salt-minion start/running, process 6665
==> ElexisLaborDemo: Processing triggers for libc-bin ...
==> ElexisLaborDemo: ldconfig deferred processing now taking place
==> ElexisLaborDemo: Processing triggers for python-support ...
==> ElexisLaborDemo: master: 192.168.1.90
==> ElexisLaborDemo: salt-minion stop/waiting
==> ElexisLaborDemo: salt-minion start/running, process 6695
