==> ElexisLaborDemo: Attempting graceful shutdown of VM...
==> ElexisLaborDemo: Checking if box 'ubuntu/precise64' is up to date...
==> ElexisLaborDemo: Clearing any previously set forwarded ports...
==> ElexisLaborDemo: Fixed port collision for 22 => 2222. Now on port 2200.
==> ElexisLaborDemo: Clearing any previously set network interfaces...
==> ElexisLaborDemo: Preparing network interfaces based on configuration...
    ElexisLaborDemo: Adapter 1: nat
    ElexisLaborDemo: Adapter 2: hostonly
    ElexisLaborDemo: Adapter 3: bridged
==> ElexisLaborDemo: Forwarding ports...
    ElexisLaborDemo: 22 (guest) => 2200 (host) (adapter 1)
==> ElexisLaborDemo: Running 'pre-boot' VM customizations...
==> ElexisLaborDemo: Booting VM...
==> ElexisLaborDemo: Waiting for machine to boot. This may take a few minutes...
    ElexisLaborDemo: SSH address: 127.0.0.1:2200
    ElexisLaborDemo: SSH username: vagrant
    ElexisLaborDemo: SSH auth method: private key
    ElexisLaborDemo: Warning: Connection timeout. Retrying...
    ElexisLaborDemo: Warning: Remote connection disconnect. Retrying...
==> ElexisLaborDemo: Machine booted and ready!
GuestAdditions versions on your host (4.3.36) and guest (4.3.18) do not match.
stdin: is not a tty
Paketlisten werden gelesen...
Abhängigkeitsbaum wird aufgebaut...
Statusinformationen werden eingelesen...
dkms ist schon die neueste Version.
linux-headers-3.13.0-86-generic ist schon die neueste Version.
linux-headers-3.13.0-86-generic wurde als manuell installiert festgelegt.
Die folgenden Pakete wurden automatisch installiert und werden nicht mehr benötigt:
  x11-apps x11-session-utils x11-xfs-utils xinit libfs6 libllvm3.0
Verwenden Sie »apt-get autoremove«, um sie zu entfernen.
0 aktualisiert, 0 neu installiert, 0 zu entfernen und 0 nicht aktualisiert.
Copy iso file /usr/share/virtualbox/VBoxGuestAdditions.iso into the box /tmp/VBoxGuestAdditions.iso
stdin: is not a tty
mount: blockorientiertes Gerät /tmp/VBoxGuestAdditions.iso ist schreibgeschützt, wird eingehängt im Nur-Lese-Modus
Installing Virtualbox Guest Additions 4.3.18 - guest version is 4.3.18
stdin: is not a tty
Verifying archive integrity... All good.
Uncompressing VirtualBox 4.3.18 Guest Additions for Linux............
VirtualBox Guest Additions installer
Removing installed version 4.3.18 of VirtualBox Guest Additions...
Copying additional installer modules ...
Installing additional modules ...
Removing existing VirtualBox DKMS kernel modules ...done.
Removing existing VirtualBox non-DKMS kernel modules ...done.
Building the VirtualBox Guest Additions kernel modules ...done.
Doing non-kernel setup of the Guest Additions ...done.
You should restart your guest to make sure the new modules are actually used

Installing the Window System drivers
Installing X.Org Server 1.15 modules ...done.
Setting up the Window System to use the Guest Additions ...done.
You may need to restart the hal service and the Window System (or just restart
the guest system) to enable the Guest Additions.

Installing graphics libraries and desktop services components ...done.
An error occurred during installation of VirtualBox Guest Additions 4.3.18. Some functionality may not work as intended.
In most cases it is OK that the "Window System drivers" installation failed.
stdin: is not a tty
==> ElexisLaborDemo: Checking for guest additions in VM...
==> ElexisLaborDemo: Setting hostname...
==> ElexisLaborDemo: Configuring and enabling network interfaces...
==> ElexisLaborDemo: Mounting shared folders...
    ElexisLaborDemo: /vagrant => /opt/src/salt-elexis
==> ElexisLaborDemo: Machine already provisioned. Run `vagrant provision` or use the `--provision`
==> ElexisLaborDemo: flag to force provisioning. Provisioners marked to run always will still run.
